#
# There is insufficient memory for the Java Runtime Environment to continue.
# Native memory allocation (malloc) failed to allocate 98256 bytes for Chunk::new
# Possible reasons:
#   The system is out of physical RAM or swap space
#   In 32 bit mode, the process size limit was hit
# Possible solutions:
#   Reduce memory load on the system
#   Increase physical memory or swap space
#   Check if swap backing store is full
#   Use 64 bit Java on a 64 bit OS
#   Decrease Java heap size (-Xmx/-Xms)
#   Decrease number of Java threads
#   Decrease Java thread stack sizes (-Xss)
#   Set larger code cache with -XX:ReservedCodeCacheSize=
# This output file may be truncated or incomplete.
#
#  Out of Memory Error (allocation.cpp:390), pid=8200, tid=0x00000000000029d8
#
# JRE version: Java(TM) SE Runtime Environment (8.0_111-b14) (build 1.8.0_111-b14)
# Java VM: Java HotSpot(TM) 64-Bit Server VM (25.111-b14 mixed mode windows-amd64 compressed oops)
# Failed to write core dump. Minidumps are not enabled by default on client versions of Windows
#

---------------  T H R E A D  ---------------

Current thread (0x00000000577da800):  JavaThread "C2 CompilerThread1" daemon [_thread_in_native, id=10712, stack(0x0000000058260000,0x0000000058360000)]

Stack: [0x0000000058260000,0x0000000058360000]
[error occurred during error reporting (printing stack bounds), id 0xc0000005]

Native frames: (J=compiled Java code, j=interpreted, Vv=VM code, C=native code)


Current CompileTask:
C2:3683273 27141       4       org.gradle.internal.io.LineBufferingOutputStream::write (59 bytes)


---------------  P R O C E S S  ---------------

Java Threads: ( => current thread )
  0x00000000616c0000 JavaThread "Forward streams with process: command 'cmd' Thread 3" [_thread_in_native, id=9696, stack(0x000000006d650000,0x000000006d750000)]
  0x00000000616c6800 JavaThread "Forward streams with process: command 'cmd' Thread 2" [_thread_in_native, id=12188, stack(0x000000006e6e0000,0x000000006e7e0000)]
  0x00000000616c6000 JavaThread "Forward streams with process: command 'cmd'" [_thread_blocked, id=10824, stack(0x000000005bf60000,0x000000005c060000)]
  0x0000000060bc0000 JavaThread "Run command 'cmd'" [_thread_in_native, id=12640, stack(0x000000006e4b0000,0x000000006e5b0000)]
  0x000000005c8b2000 JavaThread "pool-115-thread-4" [_thread_blocked, id=13260, stack(0x000000006c500000,0x000000006c600000)]
  0x000000005e8b8000 JavaThread "pool-115-thread-3" [_thread_blocked, id=12564, stack(0x000000006d320000,0x000000006d420000)]
  0x000000005e8b8800 JavaThread "pool-115-thread-2" [_thread_blocked, id=12460, stack(0x000000006e250000,0x000000006e350000)]
  0x000000005e8bb800 JavaThread "pool-115-thread-1" [_thread_blocked, id=12600, stack(0x000000006d1f0000,0x000000006d2f0000)]
  0x000000005e8bc800 JavaThread "Cache update executor" [_thread_blocked, id=12932, stack(0x000000005f050000,0x000000005f150000)]
  0x000000005e8b7000 JavaThread "Stdin handler" [_thread_blocked, id=12004, stack(0x0000000061dc0000,0x0000000061ec0000)]
  0x000000005e8ba000 JavaThread "Asynchronous log dispatcher for DefaultDaemonConnection: socket connection from /127.0.0.1:64230 to /127.0.0.1:64497" [_thread_blocked, id=13308, stack(0x000000005c060000,0x000000005c160000)]
  0x000000005e8b9800 JavaThread "Daemon worker Thread 4" [_thread_blocked, id=12340, stack(0x000000005be20000,0x000000005bf20000)]
  0x000000005e8bb000 JavaThread "Cancel handler" [_thread_blocked, id=13224, stack(0x000000005ba50000,0x000000005bb50000)]
  0x000000005e8bd000 JavaThread "Handler for socket connection from /127.0.0.1:64230 to /127.0.0.1:64497" [_thread_in_native, id=12944, stack(0x000000005bc40000,0x000000005bd40000)]
  0x000000005d3f8800 JavaThread "Daemon Thread 4" [_thread_blocked, id=12332, stack(0x000000005b950000,0x000000005ba50000)]
  0x00000000679cf000 JavaThread "pool-39-thread-4" [_thread_blocked, id=9504, stack(0x000000006df40000,0x000000006e040000)]
  0x00000000679cd800 JavaThread "pool-39-thread-3" [_thread_blocked, id=6392, stack(0x000000006dd70000,0x000000006de70000)]
  0x00000000679ce000 JavaThread "pool-39-thread-2" [_thread_blocked, id=3204, stack(0x000000006dc50000,0x000000006dd50000)]
  0x00000000679cb000 JavaThread "pool-39-thread-1" [_thread_blocked, id=9860, stack(0x000000006a620000,0x000000006a720000)]
  0x0000000060345800 JavaThread "stdout" daemon [_thread_in_native, id=10644, stack(0x000000006cff0000,0x000000006d0f0000)]
  0x0000000060345000 JavaThread "stderr" daemon [_thread_in_native, id=9664, stack(0x000000006cc00000,0x000000006cd00000)]
  0x0000000060344000 JavaThread "stdout" daemon [_thread_in_native, id=6012, stack(0x000000006cec0000,0x000000006cfc0000)]
  0x0000000060343800 JavaThread "stderr" daemon [_thread_in_native, id=12076, stack(0x000000006cd30000,0x000000006ce30000)]
  0x0000000060342800 JavaThread "stdout" daemon [_thread_in_native, id=9344, stack(0x000000006cad0000,0x000000006cbd0000)]
  0x0000000060436800 JavaThread "stderr" daemon [_thread_in_native, id=7912, stack(0x000000006c960000,0x000000006ca60000)]
  0x0000000060436000 JavaThread "stdout" daemon [_thread_in_native, id=8844, stack(0x000000006c7f0000,0x000000006c8f0000)]
  0x0000000060435000 JavaThread "stderr" daemon [_thread_in_native, id=10704, stack(0x000000006c600000,0x000000006c700000)]
  0x0000000060434800 JavaThread "stdout" daemon [_thread_in_native, id=11684, stack(0x000000006c3f0000,0x000000006c4f0000)]
  0x0000000060433800 JavaThread "stderr" daemon [_thread_in_native, id=10660, stack(0x000000006be70000,0x000000006bf70000)]
  0x0000000060433000 JavaThread "stdout" daemon [_thread_in_native, id=11624, stack(0x0000000062c00000,0x0000000062d00000)]
  0x0000000060432000 JavaThread "stderr" daemon [_thread_in_native, id=9308, stack(0x000000006c290000,0x000000006c390000)]
  0x0000000060431800 JavaThread "stdout" daemon [_thread_in_native, id=11884, stack(0x000000006c0a0000,0x000000006c1a0000)]
  0x0000000060430800 JavaThread "stderr" daemon [_thread_in_native, id=10788, stack(0x000000006bf90000,0x000000006c090000)]
  0x0000000060430000 JavaThread "stdout" daemon [_thread_in_native, id=11224, stack(0x000000006bbf0000,0x000000006bcf0000)]
  0x000000005e40d000 JavaThread "stderr" daemon [_thread_in_native, id=11864, stack(0x000000006bd20000,0x000000006be20000)]
  0x000000005e40c800 JavaThread "stdout" daemon [_thread_in_native, id=8760, stack(0x0000000062d00000,0x0000000062e00000)]
  0x000000005e40b800 JavaThread "stderr" daemon [_thread_in_native, id=10892, stack(0x000000006baf0000,0x000000006bbf0000)]
  0x000000005e40b000 JavaThread "stdout" daemon [_thread_in_native, id=3452, stack(0x000000006b810000,0x000000006b910000)]
  0x000000005e40a000 JavaThread "stderr" daemon [_thread_in_native, id=9456, stack(0x000000006b910000,0x000000006ba10000)]
  0x000000005e409800 JavaThread "stdout" daemon [_thread_in_native, id=7360, stack(0x000000006b6f0000,0x000000006b7f0000)]
  0x000000005e408800 JavaThread "stderr" daemon [_thread_in_native, id=9012, stack(0x000000006b560000,0x000000006b660000)]
  0x000000005e407000 JavaThread "stdout" daemon [_thread_in_native, id=10376, stack(0x000000006adc0000,0x000000006aec0000)]
  0x000000005e406000 JavaThread "stderr" daemon [_thread_in_native, id=6128, stack(0x000000006b390000,0x000000006b490000)]
  0x000000005d0f4000 JavaThread "stdout" daemon [_thread_in_native, id=10424, stack(0x0000000069e40000,0x0000000069f40000)]
  0x000000005d0f3800 JavaThread "stderr" daemon [_thread_in_native, id=10440, stack(0x000000006b270000,0x000000006b370000)]
  0x000000005d0f2800 JavaThread "stdout" daemon [_thread_in_native, id=3356, stack(0x000000006b0c0000,0x000000006b1c0000)]
  0x000000005d0f2000 JavaThread "stderr" daemon [_thread_in_native, id=9480, stack(0x000000006aed0000,0x000000006afd0000)]
  0x000000005d0f1000 JavaThread "stdout" daemon [_thread_in_native, id=6344, stack(0x000000006a370000,0x000000006a470000)]
  0x000000005d0f0800 JavaThread "stderr" daemon [_thread_in_native, id=1456, stack(0x000000006ac60000,0x000000006ad60000)]
  0x000000005d0ef000 JavaThread "stdout" daemon [_thread_in_native, id=10684, stack(0x000000006aab0000,0x000000006abb0000)]
  0x000000005d0ee000 JavaThread "stderr" daemon [_thread_in_native, id=11984, stack(0x000000006a920000,0x000000006aa20000)]
  0x000000005d0ed800 JavaThread "stdout" daemon [_thread_in_native, id=7336, stack(0x000000006a750000,0x000000006a850000)]
  0x0000000060760800 JavaThread "stderr" daemon [_thread_in_native, id=9272, stack(0x000000006a4c0000,0x000000006a5c0000)]
  0x000000006075f800 JavaThread "stdout" daemon [_thread_in_native, id=12196, stack(0x00000000691a0000,0x00000000692a0000)]
  0x000000006075f000 JavaThread "stderr" daemon [_thread_in_native, id=9104, stack(0x000000006a080000,0x000000006a180000)]
  0x000000006075e000 JavaThread "png-cruncher_20" daemon [_thread_blocked, id=11672, stack(0x000000006a1c0000,0x000000006a2c0000)]
  0x000000006075d800 JavaThread "png-cruncher_19" daemon [_thread_blocked, id=11928, stack(0x00000000695e0000,0x00000000696e0000)]
  0x000000006075c800 JavaThread "png-cruncher_18" daemon [_thread_blocked, id=11136, stack(0x0000000069f40000,0x000000006a040000)]
  0x000000006075c000 JavaThread "png-cruncher_17" daemon [_thread_blocked, id=11572, stack(0x0000000069d20000,0x0000000069e20000)]
  0x000000006075b000 JavaThread "png-cruncher_16" daemon [_thread_blocked, id=11996, stack(0x0000000069b70000,0x0000000069c70000)]
  0x000000006075a800 JavaThread "stdout" daemon [_thread_in_native, id=9580, stack(0x000000005b4b0000,0x000000005b5b0000)]
  0x0000000060759800 JavaThread "stderr" daemon [_thread_in_native, id=2016, stack(0x00000000699f0000,0x0000000069af0000)]
  0x000000005a7b6800 JavaThread "stdout" daemon [_thread_in_native, id=10720, stack(0x00000000698a0000,0x00000000699a0000)]
  0x000000005a7b5800 JavaThread "stderr" daemon [_thread_in_native, id=10728, stack(0x00000000696f0000,0x00000000697f0000)]
  0x000000005a7b5000 JavaThread "png-cruncher_15" daemon [_thread_blocked, id=11848, stack(0x0000000069480000,0x0000000069580000)]
  0x000000005a7b4000 JavaThread "png-cruncher_14" daemon [_thread_blocked, id=8572, stack(0x000000005c1a0000,0x000000005c2a0000)]
  0x000000005a7b3000 JavaThread "png-cruncher_13" daemon [_thread_blocked, id=12080, stack(0x00000000692a0000,0x00000000693a0000)]
  0x000000005a7b2800 JavaThread "png-cruncher_12" daemon [_thread_blocked, id=2228, stack(0x00000000645e0000,0x00000000646e0000)]
  0x000000005a7b1800 JavaThread "png-cruncher_11" daemon [_thread_blocked, id=11956, stack(0x00000000690a0000,0x00000000691a0000)]
  0x000000005a7b1000 JavaThread "png-cruncher_10" daemon [_thread_blocked, id=1200, stack(0x0000000068f10000,0x0000000069010000)]
  0x000000005a7b0000 JavaThread "png-cruncher_9" daemon [_thread_blocked, id=10264, stack(0x0000000067dd0000,0x0000000067ed0000)]
  0x000000005a7af800 JavaThread "png-cruncher_8" daemon [_thread_blocked, id=11592, stack(0x0000000067cd0000,0x0000000067dd0000)]
  0x0000000060bc0800 JavaThread "png-cruncher_7" daemon [_thread_blocked, id=12068, stack(0x0000000066b10000,0x0000000066c10000)]
  0x0000000059b89000 JavaThread "png-cruncher_6" daemon [_thread_blocked, id=6764, stack(0x0000000066a00000,0x0000000066b00000)]
  0x0000000059b88000 JavaThread "png-cruncher_5" daemon [_thread_blocked, id=10564, stack(0x000000005fbe0000,0x000000005fce0000)]
  0x0000000059b85000 JavaThread "png-cruncher_4" daemon [_thread_blocked, id=10964, stack(0x0000000064880000,0x0000000064980000)]
  0x0000000059b86800 JavaThread "png-cruncher_3" daemon [_thread_blocked, id=11700, stack(0x00000000646f0000,0x00000000647f0000)]
  0x0000000059b82000 JavaThread "png-cruncher_2" daemon [_thread_blocked, id=12212, stack(0x00000000644e0000,0x00000000645e0000)]
  0x0000000059b84800 JavaThread "png-cruncher_1" daemon [_thread_blocked, id=5116, stack(0x0000000064360000,0x0000000064460000)]
  0x000000005d3f6000 JavaThread "File lock request listener" [_thread_in_native, id=10884, stack(0x000000005dab0000,0x000000005dbb0000)]
  0x00000000593cc800 JavaThread "Incoming local TCP Connector on port 64230" [_thread_in_native, id=11096, stack(0x000000005b5c0000,0x000000005b6c0000)]
  0x00000000599a4800 JavaThread "pool-1-thread-1" [_thread_blocked, id=10784, stack(0x000000005afe0000,0x000000005b0e0000)]
  0x0000000057840000 JavaThread "Service Thread" daemon [_thread_blocked, id=7380, stack(0x00000000583d0000,0x00000000584d0000)]
  0x00000000577dc000 JavaThread "C1 CompilerThread2" daemon [_thread_blocked, id=3660, stack(0x0000000057ff0000,0x00000000580f0000)]
=>0x00000000577da800 JavaThread "C2 CompilerThread1" daemon [_thread_in_native, id=10712, stack(0x0000000058260000,0x0000000058360000)]
  0x00000000577d3000 JavaThread "C2 CompilerThread0" daemon [_thread_in_vm, id=10908, stack(0x0000000058120000,0x0000000058220000)]
  0x00000000565f5800 JavaThread "Attach Listener" daemon [_thread_blocked, id=1432, stack(0x0000000057e70000,0x0000000057f70000)]
  0x00000000565f4000 JavaThread "Signal Dispatcher" daemon [_thread_blocked, id=10436, stack(0x0000000057c90000,0x0000000057d90000)]
  0x00000000565d9800 JavaThread "Finalizer" daemon [_thread_blocked, id=11032, stack(0x00000000576d0000,0x00000000577d0000)]
  0x0000000056592000 JavaThread "Reference Handler" daemon [_thread_blocked, id=5980, stack(0x00000000575a0000,0x00000000576a0000)]
  0x00000000022f8000 JavaThread "main" [_thread_blocked, id=10284, stack(0x0000000002490000,0x0000000002590000)]

Other Threads:
  0x000000005658a800 VMThread [stack: 0x00000000574a0000,0x00000000575a0000] [id=10800]
  0x000000005785b800 WatcherThread [stack: 0x00000000585b0000,0x00000000586b0000] [id=348]

VM state:not at safepoint (normal execution)

VM Mutex/Monitor currently owned by a thread: None

Heap:
 PSYoungGen      total 394752K, used 82355K [0x00000000e0000000, 0x00000000fe780000, 0x0000000100000000)
  eden space 297472K, 13% used [0x00000000e0000000,0x00000000e269e8e0,0x00000000f2280000)
  from space 97280K, 44% used [0x00000000f8880000,0x00000000fb24e3f0,0x00000000fe780000)
  to   space 100864K, 0% used [0x00000000f2280000,0x00000000f2280000,0x00000000f8500000)
 ParOldGen       total 358400K, used 322132K [0x00000000a0000000, 0x00000000b5e00000, 0x00000000e0000000)
  object space 358400K, 89% used [0x00000000a0000000,0x00000000b3a951c0,0x00000000b5e00000)
 Metaspace       used 85054K, capacity 88852K, committed 88984K, reserved 1126400K
  class space    used 10330K, capacity 11045K, committed 11160K, reserved 1048576K

Card table byte_map: [0x0000000011ce0000,0x0000000011ff0000] byte_map_base: 0x00000000117e0000

Marking Bits: (ParMarkBitMap*) 0x00000000704da6c0
 Begin Bits: [0x0000000012900000, 0x0000000014100000)
 End Bits:   [0x0000000014100000, 0x0000000015900000)

Polling page: 0x0000000000250000

CodeCache: size=245760Kb used=75914Kb max_used=76036Kb free=169845Kb
 bounds [0x0000000002920000, 0x00000000073c0000, 0x0000000011920000]
 total_blobs=21013 nmethods=20207 adapters=715
 compilation: enabled

Compilation events (10 events):
Event: 3682.798 Thread 0x00000000577da800 27141       4       org.gradle.internal.io.LineBufferingOutputStream::write (59 bytes)
Event: 3682.803 Thread 0x00000000577dc000 27142       3       org.gradle.internal.serialize.BaseSerializerFactory$EnumSerializer::write (10 bytes)
Event: 3682.807 Thread 0x00000000577dc000 nmethod 27142 0x000000000668f290 code [0x000000000668f420, 0x000000000668f828]
Event: 3682.808 Thread 0x00000000577d3000 27144       4       org.gradle.internal.io.StreamByteBuffer$StreamByteBufferOutputStream::write (22 bytes)
Event: 3682.810 Thread 0x00000000577dc000 27145       3       org.gradle.internal.serialize.kryo.KryoBackedEncoder::writeInt (9 bytes)
Event: 3682.810 Thread 0x00000000577dc000 nmethod 27145 0x0000000002bffd90 code [0x0000000002bfff00, 0x0000000002c000a8]
Event: 3682.812 Thread 0x00000000577dc000 27146       3       com.esotericsoftware.kryo.io.Output::writeInt (81 bytes)
Event: 3682.812 Thread 0x00000000577dc000 nmethod 27146 0x0000000002cac590 code [0x0000000002cac700, 0x0000000002cac968]
Event: 3682.814 Thread 0x00000000577dc000 27143       3       org.gradle.internal.serialize.BaseSerializerFactory$EnumSerializer::write (12 bytes)
Event: 3682.815 Thread 0x00000000577dc000 nmethod 27143 0x0000000002dafb90 code [0x0000000002dafd00, 0x0000000002daffa8]

GC Heap History (10 events):
Event: 3607.105 GC heap before
{Heap before GC invocations=51 (full 5):
 PSYoungGen      total 386560K, used 265895K [0x00000000e0000000, 0x0000000100000000, 0x0000000100000000)
  eden space 265728K, 100% used [0x00000000e0000000,0x00000000f0380000,0x00000000f0380000)
  from space 120832K, 0% used [0x00000000f0380000,0x00000000f03a9fc0,0x00000000f7980000)
  to   space 123392K, 0% used [0x00000000f8780000,0x00000000f8780000,0x0000000100000000)
 ParOldGen       total 358400K, used 322068K [0x00000000a0000000, 0x00000000b5e00000, 0x00000000e0000000)
  object space 358400K, 89% used [0x00000000a0000000,0x00000000b3a851c0,0x00000000b5e00000)
 Metaspace       used 84586K, capacity 88312K, committed 88600K, reserved 1126400K
  class space    used 10320K, capacity 11031K, committed 11032K, reserved 1048576K
Event: 3607.144 GC heap after
Heap after GC invocations=51 (full 5):
 PSYoungGen      total 401408K, used 8039K [0x00000000e0000000, 0x0000000100000000, 0x0000000100000000)
  eden space 278016K, 0% used [0x00000000e0000000,0x00000000e0000000,0x00000000f0f80000)
  from space 123392K, 6% used [0x00000000f8780000,0x00000000f8f59fe0,0x0000000100000000)
  to   space 122880K, 0% used [0x00000000f0f80000,0x00000000f0f80000,0x00000000f8780000)
 ParOldGen       total 358400K, used 322100K [0x00000000a0000000, 0x00000000b5e00000, 0x00000000e0000000)
  object space 358400K, 89% used [0x00000000a0000000,0x00000000b3a8d1c0,0x00000000b5e00000)
 Metaspace       used 84586K, capacity 88312K, committed 88600K, reserved 1126400K
  class space    used 10320K, capacity 11031K, committed 11032K, reserved 1048576K
}
Event: 3612.782 GC heap before
{Heap before GC invocations=52 (full 5):
 PSYoungGen      total 401408K, used 286055K [0x00000000e0000000, 0x0000000100000000, 0x0000000100000000)
  eden space 278016K, 100% used [0x00000000e0000000,0x00000000f0f80000,0x00000000f0f80000)
  from space 123392K, 6% used [0x00000000f8780000,0x00000000f8f59fe0,0x0000000100000000)
  to   space 122880K, 0% used [0x00000000f0f80000,0x00000000f0f80000,0x00000000f8780000)
 ParOldGen       total 358400K, used 322100K [0x00000000a0000000, 0x00000000b5e00000, 0x00000000e0000000)
  object space 358400K, 89% used [0x00000000a0000000,0x00000000b3a8d1c0,0x00000000b5e00000)
 Metaspace       used 84710K, capacity 88384K, committed 88600K, reserved 1126400K
  class space    used 10322K, capacity 11031K, committed 11032K, reserved 1048576K
Event: 3612.833 GC heap after
Heap after GC invocations=52 (full 5):
 PSYoungGen      total 310272K, used 31975K [0x00000000e0000000, 0x00000000ff480000, 0x0000000100000000)
  eden space 278016K, 0% used [0x00000000e0000000,0x00000000e0000000,0x00000000f0f80000)
  from space 32256K, 99% used [0x00000000f0f80000,0x00000000f2eb9d18,0x00000000f2f00000)
  to   space 117248K, 0% used [0x00000000f8200000,0x00000000f8200000,0x00000000ff480000)
 ParOldGen       total 358400K, used 322108K [0x00000000a0000000, 0x00000000b5e00000, 0x00000000e0000000)
  object space 358400K, 89% used [0x00000000a0000000,0x00000000b3a8f1c0,0x00000000b5e00000)
 Metaspace       used 84710K, capacity 88384K, committed 88600K, reserved 1126400K
  class space    used 10322K, capacity 11031K, committed 11032K, reserved 1048576K
}
Event: 3620.228 GC heap before
{Heap before GC invocations=53 (full 5):
 PSYoungGen      total 310272K, used 309991K [0x00000000e0000000, 0x00000000ff480000, 0x0000000100000000)
  eden space 278016K, 100% used [0x00000000e0000000,0x00000000f0f80000,0x00000000f0f80000)
  from space 32256K, 99% used [0x00000000f0f80000,0x00000000f2eb9d18,0x00000000f2f00000)
  to   space 117248K, 0% used [0x00000000f8200000,0x00000000f8200000,0x00000000ff480000)
 ParOldGen       total 358400K, used 322108K [0x00000000a0000000, 0x00000000b5e00000, 0x00000000e0000000)
  object space 358400K, 89% used [0x00000000a0000000,0x00000000b3a8f1c0,0x00000000b5e00000)
 Metaspace       used 84834K, capacity 88524K, committed 88728K, reserved 1126400K
  class space    used 10323K, capacity 11033K, committed 11160K, reserved 1048576K
Event: 3620.263 GC heap after
Heap after GC invocations=53 (full 5):
 PSYoungGen      total 400384K, used 29444K [0x00000000e0000000, 0x00000000ffe00000, 0x0000000100000000)
  eden space 283136K, 0% used [0x00000000e0000000,0x00000000e0000000,0x00000000f1480000)
  from space 117248K, 25% used [0x00000000f8200000,0x00000000f9ec1250,0x00000000ff480000)
  to   space 112128K, 0% used [0x00000000f1480000,0x00000000f1480000,0x00000000f8200000)
 ParOldGen       total 358400K, used 322116K [0x00000000a0000000, 0x00000000b5e00000, 0x00000000e0000000)
  object space 358400K, 89% used [0x00000000a0000000,0x00000000b3a911c0,0x00000000b5e00000)
 Metaspace       used 84834K, capacity 88524K, committed 88728K, reserved 1126400K
  class space    used 10323K, capacity 11033K, committed 11160K, reserved 1048576K
}
Event: 3627.930 GC heap before
{Heap before GC invocations=54 (full 5):
 PSYoungGen      total 400384K, used 312580K [0x00000000e0000000, 0x00000000ffe00000, 0x0000000100000000)
  eden space 283136K, 100% used [0x00000000e0000000,0x00000000f1480000,0x00000000f1480000)
  from space 117248K, 25% used [0x00000000f8200000,0x00000000f9ec1250,0x00000000ff480000)
  to   space 112128K, 0% used [0x00000000f1480000,0x00000000f1480000,0x00000000f8200000)
 ParOldGen       total 358400K, used 322116K [0x00000000a0000000, 0x00000000b5e00000, 0x00000000e0000000)
  object space 358400K, 89% used [0x00000000a0000000,0x00000000b3a911c0,0x00000000b5e00000)
 Metaspace       used 84988K, capacity 88706K, committed 88984K, reserved 1126400K
  class space    used 10328K, capacity 11042K, committed 11160K, reserved 1048576K
Event: 3627.964 GC heap after
Heap after GC invocations=54 (full 5):
 PSYoungGen      total 395264K, used 30768K [0x00000000e0000000, 0x00000000ff100000, 0x0000000100000000)
  eden space 283136K, 0% used [0x00000000e0000000,0x00000000e0000000,0x00000000f1480000)
  from space 112128K, 27% used [0x00000000f1480000,0x00000000f328c368,0x00000000f8200000)
  to   space 107008K, 0% used [0x00000000f8880000,0x00000000f8880000,0x00000000ff100000)
 ParOldGen       total 358400K, used 322124K [0x00000000a0000000, 0x00000000b5e00000, 0x00000000e0000000)
  object space 358400K, 89% used [0x00000000a0000000,0x00000000b3a931c0,0x00000000b5e00000)
 Metaspace       used 84988K, capacity 88706K, committed 88984K, reserved 1126400K
  class space    used 10328K, capacity 11042K, committed 11160K, reserved 1048576K
}
Event: 3637.572 GC heap before
{Heap before GC invocations=55 (full 5):
 PSYoungGen      total 395264K, used 313904K [0x00000000e0000000, 0x00000000ff100000, 0x0000000100000000)
  eden space 283136K, 100% used [0x00000000e0000000,0x00000000f1480000,0x00000000f1480000)
  from space 112128K, 27% used [0x00000000f1480000,0x00000000f328c368,0x00000000f8200000)
  to   space 107008K, 0% used [0x00000000f8880000,0x00000000f8880000,0x00000000ff100000)
 ParOldGen       total 358400K, used 322124K [0x00000000a0000000, 0x00000000b5e00000, 0x00000000e0000000)
  object space 358400K, 89% used [0x00000000a0000000,0x00000000b3a931c0,0x00000000b5e00000)
 Metaspace       used 85051K, capacity 88852K, committed 88984K, reserved 1126400K
  class space    used 10330K, capacity 11045K, committed 11160K, reserved 1048576K
Event: 3637.617 GC heap after
Heap after GC invocations=55 (full 5):
 PSYoungGen      total 394752K, used 42808K [0x00000000e0000000, 0x00000000fe780000, 0x0000000100000000)
  eden space 297472K, 0% used [0x00000000e0000000,0x00000000e0000000,0x00000000f2280000)
  from space 97280K, 44% used [0x00000000f8880000,0x00000000fb24e3f0,0x00000000fe780000)
  to   space 100864K, 0% used [0x00000000f2280000,0x00000000f2280000,0x00000000f8500000)
 ParOldGen       total 358400K, used 322132K [0x00000000a0000000, 0x00000000b5e00000, 0x00000000e0000000)
  object space 358400K, 89% used [0x00000000a0000000,0x00000000b3a951c0,0x00000000b5e00000)
 Metaspace       used 85051K, capacity 88852K, committed 88984K, reserved 1126400K
  class space    used 10330K, capacity 11045K, committed 11160K, reserved 1048576K
}

Deoptimization events (10 events):
Event: 3625.532 Thread 0x000000005e8b9800 Uncommon trap: reason=array_check action=maybe_recompile pc=0x0000000007245750 method=java.util.ComparableTimSort.mergeHi(IIII)V @ 415
Event: 3625.532 Thread 0x000000005e8b9800 Uncommon trap: reason=array_check action=maybe_recompile pc=0x0000000007245638 method=java.util.ComparableTimSort.mergeHi(IIII)V @ 277
Event: 3625.535 Thread 0x000000005e8b9800 Uncommon trap: reason=array_check action=maybe_recompile pc=0x0000000007144400 method=java.util.ComparableTimSort.mergeHi(IIII)V @ 415
Event: 3625.869 Thread 0x000000005e8b9800 Uncommon trap: reason=range_check action=make_not_entrant pc=0x00000000071f95c0 method=org.eclipse.jdt.internal.compiler.lookup.Scope.getBaseType([C)Lorg/eclipse/jdt/internal/compiler/lookup/TypeBinding; @ 16
Event: 3628.508 Thread 0x000000005e8b9800 Uncommon trap: reason=array_check action=maybe_recompile pc=0x0000000007271884 method=java.util.ComparableTimSort.mergeHi(IIII)V @ 654
Event: 3628.508 Thread 0x000000005e8b9800 Uncommon trap: reason=array_check action=maybe_recompile pc=0x0000000007271600 method=java.util.ComparableTimSort.mergeHi(IIII)V @ 521
Event: 3628.508 Thread 0x000000005e8b9800 Uncommon trap: reason=array_check action=maybe_recompile pc=0x0000000007271600 method=java.util.ComparableTimSort.mergeHi(IIII)V @ 521
Event: 3628.637 Thread 0x000000005e8b9800 Uncommon trap: reason=bimorphic action=maybe_recompile pc=0x000000000544ee1c method=com.sun.tools.javac.code.Types.covariantReturnType(Lcom/sun/tools/javac/code/Type;Lcom/sun/tools/javac/code/Type;Lcom/sun/tools/javac/util/Warner;)Z @ 17
Event: 3628.640 Thread 0x000000005e8b9800 Uncommon trap: reason=class_check action=maybe_recompile pc=0x000000000544ea2c method=com.sun.tools.javac.code.Types.resultSubtype(Lcom/sun/tools/javac/code/Type;Lcom/sun/tools/javac/code/Type;Lcom/sun/tools/javac/util/Warner;)Z @ 1
Event: 3628.718 Thread 0x000000005e8b9800 Uncommon trap: reason=bimorphic action=maybe_recompile pc=0x0000000004bd6f9c method=com.sun.tools.javac.code.Types$SameTypeVisitor.visitType(Lcom/sun/tools/javac/code/Type;Lcom/sun/tools/javac/code/Type;)Ljava/lang/Boolean; @ 31

Internal exceptions (10 events):
Event: 3631.537 Thread 0x000000005e8bb800 Exception <a 'sun/nio/fs/WindowsException'> (0x00000000e6220518) thrown at [C:\re\workspace\8-2-build-windows-amd64-cygwin\jdk8u111\7883\hotspot\src\share\vm\prims\jni.cpp, line 709]
Event: 3631.537 Thread 0x000000005e8bb800 Exception <a 'sun/nio/fs/WindowsException'> (0x00000000e6220c90) thrown at [C:\re\workspace\8-2-build-windows-amd64-cygwin\jdk8u111\7883\hotspot\src\share\vm\prims\jni.cpp, line 709]
Event: 3631.539 Thread 0x000000005e8b8800 Exception <a 'sun/nio/fs/WindowsException'> (0x00000000e61fada8) thrown at [C:\re\workspace\8-2-build-windows-amd64-cygwin\jdk8u111\7883\hotspot\src\share\vm\prims\jni.cpp, line 709]
Event: 3631.539 Thread 0x000000005e8b8000 Exception <a 'sun/nio/fs/WindowsException'> (0x00000000e61b00c0) thrown at [C:\re\workspace\8-2-build-windows-amd64-cygwin\jdk8u111\7883\hotspot\src\share\vm\prims\jni.cpp, line 709]
Event: 3631.539 Thread 0x000000005e8b8800 Exception <a 'sun/nio/fs/WindowsException'> (0x00000000e61fb538) thrown at [C:\re\workspace\8-2-build-windows-amd64-cygwin\jdk8u111\7883\hotspot\src\share\vm\prims\jni.cpp, line 709]
Event: 3631.539 Thread 0x000000005e8b8000 Exception <a 'sun/nio/fs/WindowsException'> (0x00000000e61b0858) thrown at [C:\re\workspace\8-2-build-windows-amd64-cygwin\jdk8u111\7883\hotspot\src\share\vm\prims\jni.cpp, line 709]
Event: 3631.540 Thread 0x000000005c8b2000 Exception <a 'sun/nio/fs/WindowsException'> (0x00000000e61d6378) thrown at [C:\re\workspace\8-2-build-windows-amd64-cygwin\jdk8u111\7883\hotspot\src\share\vm\prims\jni.cpp, line 709]
Event: 3631.541 Thread 0x000000005e8bb800 Exception <a 'sun/nio/fs/WindowsException'> (0x00000000e62217c8) thrown at [C:\re\workspace\8-2-build-windows-amd64-cygwin\jdk8u111\7883\hotspot\src\share\vm\prims\jni.cpp, line 709]
Event: 3631.541 Thread 0x000000005c8b2000 Exception <a 'sun/nio/fs/WindowsException'> (0x00000000e61d6ae8) thrown at [C:\re\workspace\8-2-build-windows-amd64-cygwin\jdk8u111\7883\hotspot\src\share\vm\prims\jni.cpp, line 709]
Event: 3631.541 Thread 0x000000005e8bb800 Exception <a 'sun/nio/fs/WindowsException'> (0x00000000e6221f40) thrown at [C:\re\workspace\8-2-build-windows-amd64-cygwin\jdk8u111\7883\hotspot\src\share\vm\prims\jni.cpp, line 709]

Events (10 events):
Event: 3640.553 Thread 0x00000000616c0000 Thread added: 0x00000000616c0000
Event: 3640.554 Thread 0x00000000577dc000 flushing nmethod 0x000000000668f150
Event: 3640.558 Thread 0x0000000060bc1800 Thread exited: 0x0000000060bc1800
Event: 3682.807 Thread 0x00000000577dc000 flushing nmethod 0x0000000002abf410
Event: 3682.809 Thread 0x00000000577dc000 flushing nmethod 0x0000000002bffd90
Event: 3682.809 Thread 0x00000000577dc000 flushing nmethod 0x0000000002c20b10
Event: 3682.810 Thread 0x00000000577dc000 flushing nmethod 0x0000000002cac590
Event: 3682.811 Thread 0x00000000577dc000 flushing nmethod 0x0000000002d69310
Event: 3682.811 Thread 0x00000000577dc000 flushing nmethod 0x0000000002daf4d0
Event: 3682.812 Thread 0x00000000577dc000 flushing nmethod 0x0000000002fd1490


Dynamic libraries:
0x000000013f3d0000 - 0x000000013f407000 	C:\Program Files\Java\jdk1.8.0_111\bin\java.exe
0x0000000077980000 - 0x0000000077b2a000 	C:\WINDOWS\SYSTEM32\ntdll.dll
0x0000000077760000 - 0x000000007787f000 	C:\WINDOWS\system32\kernel32.dll
0x000007fefd6a0000 - 0x000007fefd70a000 	C:\WINDOWS\system32\KERNELBASE.dll
0x0000000075360000 - 0x00000000753e9000 	C:\WINDOWS\System32\SYSFER.DLL
0x000007feff800000 - 0x000007feff8db000 	C:\WINDOWS\system32\ADVAPI32.dll
0x000007feff760000 - 0x000007feff7ff000 	C:\WINDOWS\system32\msvcrt.dll
0x000007fefe550000 - 0x000007fefe56f000 	C:\WINDOWS\SYSTEM32\sechost.dll
0x000007fefe570000 - 0x000007fefe69d000 	C:\WINDOWS\system32\RPCRT4.dll
0x0000000077880000 - 0x000000007797a000 	C:\WINDOWS\system32\USER32.dll
0x000007fefe350000 - 0x000007fefe3b7000 	C:\WINDOWS\system32\GDI32.dll
0x000007feffc80000 - 0x000007feffc8e000 	C:\WINDOWS\system32\LPK.dll
0x000007feffbb0000 - 0x000007feffc7a000 	C:\WINDOWS\system32\USP10.dll
0x000007fefbb30000 - 0x000007fefbd24000 	C:\WINDOWS\WinSxS\amd64_microsoft.windows.common-controls_6595b64144ccf1df_6.0.7601.18837_none_fa3b1e3d17594757\COMCTL32.dll
0x000007fefe0f0000 - 0x000007fefe161000 	C:\WINDOWS\system32\SHLWAPI.dll
0x0000000077b40000 - 0x0000000077b47000 	C:\WINDOWS\system32\psapi.dll
0x000007fefdc90000 - 0x000007fefdcbe000 	C:\WINDOWS\system32\IMM32.DLL
0x000007fefdad0000 - 0x000007fefdbd9000 	C:\WINDOWS\system32\MSCTF.dll
0x000000005fd30000 - 0x000000005fe02000 	C:\Program Files\Java\jdk1.8.0_111\jre\bin\msvcr100.dll
0x000000006fcc0000 - 0x000000007055a000 	C:\Program Files\Java\jdk1.8.0_111\jre\bin\server\jvm.dll
0x000007fef8110000 - 0x000007fef8119000 	C:\WINDOWS\system32\WSOCK32.dll
0x000007fefdc40000 - 0x000007fefdc8d000 	C:\WINDOWS\system32\WS2_32.dll
0x000007fefdac0000 - 0x000007fefdac8000 	C:\WINDOWS\system32\NSI.dll
0x000007fefb470000 - 0x000007fefb4ab000 	C:\WINDOWS\system32\WINMM.dll
0x000007fefc740000 - 0x000007fefc74c000 	C:\WINDOWS\system32\VERSION.dll
0x00000000649e0000 - 0x00000000649ef000 	C:\Program Files\Java\jdk1.8.0_111\jre\bin\verify.dll
0x00000000649b0000 - 0x00000000649d9000 	C:\Program Files\Java\jdk1.8.0_111\jre\bin\java.dll
0x0000000061f20000 - 0x0000000061f36000 	C:\Program Files\Java\jdk1.8.0_111\jre\bin\zip.dll
0x000007fefe9d0000 - 0x000007feff759000 	C:\WINDOWS\system32\SHELL32.dll
0x000007fefdcc0000 - 0x000007fefdec3000 	C:\WINDOWS\system32\ole32.dll
0x000007fefd660000 - 0x000007fefd66f000 	C:\WINDOWS\system32\profapi.dll
0x00000000004b0000 - 0x00000000004ca000 	C:\Program Files\Java\jdk1.8.0_111\jre\bin\net.dll
0x000007fefce40000 - 0x000007fefce95000 	C:\WINDOWS\system32\mswsock.dll
0x000007fefce30000 - 0x000007fefce37000 	C:\WINDOWS\System32\wship6.dll
0x00000000004d0000 - 0x00000000004e1000 	C:\Program Files\Java\jdk1.8.0_111\jre\bin\nio.dll
0x000007feee190000 - 0x000007feee1ae000 	C:\Users\msaeed\.gradle\native\23\windows-amd64\native-platform.dll
0x000007fefcea0000 - 0x000007fefceb8000 	C:\WINDOWS\system32\CRYPTSP.dll
0x000007fefcba0000 - 0x000007fefcbe7000 	C:\WINDOWS\system32\rsaenh.dll
0x000007fefd680000 - 0x000007fefd69e000 	C:\WINDOWS\system32\USERENV.dll
0x000007fefd500000 - 0x000007fefd50f000 	C:\WINDOWS\system32\CRYPTBASE.dll
0x000007fefa570000 - 0x000007fefa597000 	C:\WINDOWS\system32\IPHLPAPI.DLL
0x000007fefa560000 - 0x000007fefa56b000 	C:\WINDOWS\system32\WINNSI.DLL
0x000007fefa370000 - 0x000007fefa388000 	C:\WINDOWS\system32\dhcpcsvc.DLL
0x000007fefa350000 - 0x000007fefa361000 	C:\WINDOWS\system32\dhcpcsvc6.DLL
0x00000000627c0000 - 0x00000000627cd000 	C:\Program Files\Java\jdk1.8.0_111\jre\bin\management.dll
0x000007fefd4a0000 - 0x000007fefd4f7000 	C:\WINDOWS\system32\apphelp.dll

VM Arguments:
jvm_args: -Xmx1536M -Dfile.encoding=windows-1252 -Duser.country=US -Duser.language=en -Duser.variant 
java_command: org.gradle.launcher.daemon.bootstrap.GradleDaemon 3.3
java_class_path (initial): C:\Users\msaeed\.gradle\wrapper\dists\gradle-3.3-all\55gk2rcmfc6p2dg9u9ohc3hw9\gradle-3.3\lib\gradle-launcher-3.3.jar
Launcher Type: SUN_STANDARD

Environment Variables:
JAVA_HOME=C:\Program Files\Java\jdk1.8.0_111\
CLASSPATH=D:\projects\GuideHbg\android\\gradle\wrapper\gradle-wrapper.jar
PATH=C:\ProgramData\Oracle\Java\javapath;C:\WINDOWS\system32;C:\WINDOWS;C:\WINDOWS\System32\Wbem;C:\WINDOWS\System32\WindowsPowerShell\v1.0\;C:\WINDOWS\System32\WindowsPowerShell\v1.0\;C:\Program Files\nodejs\;C:\Program Files\Git\cmd;C:\Program Files\Microsoft SQL Server\130\Tools\Binn\;D:\Program Files\Anaconda3;D:\Program Files\Anaconda3\Scripts;D:\Program Files\Anaconda3\Library\bin;D:\wamp\bin\php\php5.6.25;C:\ProgramData\ComposerSetup\bin;C:\Program Files\Intel\WiFi\bin\;C:\Program Files\Common Files\Intel\WirelessCommon\;C:\Users\msaeed\AppData\Local\Programs\Python\Python36-32\Scripts\;C:\Users\msaeed\AppData\Local\Programs\Python\Python36-32\;C:\Users\msaeed\AppData\Roaming\npm;C:\Users\msaeed\AppData\Local\atom\bin;C:\Users\msaeed\AppData\Local\Android\sdk\platform-tools;C:\Users\msaeed\AppData\Local\Android\sdk\tools;D:\Program Files\MongoDB\Server\3.4\bin;C:\Users\msaeed\AppData\Roaming\Composer\vendor\bin;C:\Program Files\Heroku\bin;d:\Program Files (x86)\Microsoft VS Code\bin
USERNAME=msaeed
OS=Windows_NT
PROCESSOR_IDENTIFIER=Intel64 Family 6 Model 61 Stepping 4, GenuineIntel



---------------  S Y S T E M  ---------------

OS: Windows 7 , 64 bit Build 7601 (6.1.7601.23677)

CPU:total 4 (2 cores per cpu, 2 threads per core) family 6 model 61 stepping 4, cmov, cx8, fxsr, mmx, sse, sse2, sse3, ssse3, sse4.1, sse4.2, popcnt, avx, avx2, aes, clmul, erms, rtm, 3dnowpref, lzcnt, ht, tsc, tscinvbit, bmi1, bmi2, adx

Memory: 4k page, physical 8077260k(132876k free), swap 12171400k(6652k free)

vm_info: Java HotSpot(TM) 64-Bit Server VM (25.111-b14) for windows-amd64 JRE (1.8.0_111-b14), built on Sep 22 2016 19:24:05 by "java_re" with MS VC++ 10.0 (VS2010)

time: Mon Apr 10 22:58:11 2017
elapsed time: 3682 seconds (0d 1h 1m 22s)

